{"C:\\Users\\gabri\\sem 6\\ppl\\rencanakan-talent_pool-frontend\\src\\App.tsx": {"path":"C:\\Users\\gabri\\sem 6\\ppl\\rencanakan-talent_pool-frontend\\src\\App.tsx","statementMap":{"0":{"start":{"line":2,"column":2},"end":{"line":2,"column":24}},"1":{"start":{"line":5,"column":0},"end":{"line":5,"column":19}}},"fnMap":{"0":{"name":"App","decl":{"start":{"line":1,"column":9},"end":{"line":1,"column":12}},"loc":{"start":{"line":1,"column":12},"end":{"line":3,"column":1}}}},"branchMap":{},"s":{"0":0,"1":0},"f":{"0":0},"b":{}}
,"C:\\Users\\gabri\\sem 6\\ppl\\rencanakan-talent_pool-frontend\\src\\main.tsx": {"path":"C:\\Users\\gabri\\sem 6\\ppl\\rencanakan-talent_pool-frontend\\src\\main.tsx","statementMap":{"0":{"start":{"line":1,"column":0},"end":{"line":1,"column":46}},"1":{"start":{"line":2,"column":0},"end":{"line":2,"column":60}},"2":{"start":{"line":3,"column":0},"end":{"line":3,"column":21}},"3":{"start":{"line":4,"column":0},"end":{"line":4,"column":23}},"4":{"start":{"line":5,"column":0},"end":{"line":5,"column":66}},"5":{"start":{"line":7,"column":0},"end":{"line":14,"column":2}}},"fnMap":{},"branchMap":{},"s":{"0":0,"1":0,"2":0,"3":0,"4":0,"5":0},"f":{},"b":{}}
,"C:\\Users\\gabri\\sem 6\\ppl\\rencanakan-talent_pool-frontend\\src\\vite-env.d.ts": {"path":"C:\\Users\\gabri\\sem 6\\ppl\\rencanakan-talent_pool-frontend\\src\\vite-env.d.ts","statementMap":{},"fnMap":{},"branchMap":{},"s":{},"f":{},"b":{}}
,"C:\\Users\\gabri\\sem 6\\ppl\\rencanakan-talent_pool-frontend\\src\\components\\index.ts": {"path":"C:\\Users\\gabri\\sem 6\\ppl\\rencanakan-talent_pool-frontend\\src\\components\\index.ts","statementMap":{"0":{"start":{"line":1,"column":0},"end":{"line":1,"column":9}},"1":{"start":{"line":1,"column":9},"end":{"line":1,"column":48}},"2":{"start":{"line":2,"column":0},"end":{"line":2,"column":9}},"3":{"start":{"line":2,"column":9},"end":{"line":2,"column":41}},"4":{"start":{"line":3,"column":0},"end":{"line":3,"column":9}},"5":{"start":{"line":3,"column":9},"end":{"line":3,"column":37}},"6":{"start":{"line":4,"column":0},"end":{"line":4,"column":9}},"7":{"start":{"line":4,"column":9},"end":{"line":4,"column":44}},"8":{"start":{"line":5,"column":0},"end":{"line":5,"column":9}},"9":{"start":{"line":5,"column":9},"end":{"line":5,"column":35}}},"fnMap":{"0":{"name":"(anonymous_0)","decl":{"start":{"line":1,"column":9},"end":{"line":1,"column":19}},"loc":{"start":{"line":1,"column":9},"end":{"line":1,"column":48}}},"1":{"name":"(anonymous_1)","decl":{"start":{"line":2,"column":9},"end":{"line":2,"column":17}},"loc":{"start":{"line":2,"column":9},"end":{"line":2,"column":41}}},"2":{"name":"(anonymous_2)","decl":{"start":{"line":3,"column":9},"end":{"line":3,"column":15}},"loc":{"start":{"line":3,"column":9},"end":{"line":3,"column":37}}},"3":{"name":"(anonymous_3)","decl":{"start":{"line":4,"column":9},"end":{"line":4,"column":18}},"loc":{"start":{"line":4,"column":9},"end":{"line":4,"column":44}}},"4":{"name":"(anonymous_4)","decl":{"start":{"line":5,"column":9},"end":{"line":5,"column":14}},"loc":{"start":{"line":5,"column":9},"end":{"line":5,"column":35}}}},"branchMap":{},"s":{"0":0,"1":0,"2":0,"3":0,"4":0,"5":0,"6":0,"7":0,"8":0,"9":0},"f":{"0":0,"1":0,"2":0,"3":0,"4":0},"b":{}}
,"C:\\Users\\gabri\\sem 6\\ppl\\rencanakan-talent_pool-frontend\\src\\components\\atoms\\typography.tsx": {"path":"C:\\Users\\gabri\\sem 6\\ppl\\rencanakan-talent_pool-frontend\\src\\components\\atoms\\typography.tsx","statementMap":{"0":{"start":{"line":1,"column":0},"end":{"line":1,"column":43}},"1":{"start":{"line":2,"column":0},"end":{"line":2,"column":47}},"2":{"start":{"line":3,"column":0},"end":{"line":3,"column":33}},"3":{"start":{"line":4,"column":0},"end":{"line":4,"column":44}},"4":{"start":{"line":23,"column":27},"end":{"line":46,"column":2}},"5":{"start":{"line":48,"column":43},"end":{"line":63,"column":2}},"6":{"start":{"line":72,"column":13},"end":{"line":81,"column":2}},"7":{"start":{"line":74,"column":17},"end":{"line":74,"column":47}},"8":{"start":{"line":75,"column":4},"end":{"line":79,"column":6}},"9":{"start":{"line":83,"column":0},"end":{"line":83,"column":38}}},"fnMap":{"0":{"name":"(anonymous_1)","decl":{"start":{"line":73,"column":2},"end":{"line":73,"column":3}},"loc":{"start":{"line":73,"column":61},"end":{"line":80,"column":3}}}},"branchMap":{"0":{"loc":{"start":{"line":73,"column":35},"end":{"line":73,"column":50}},"type":"default-arg","locations":[{"start":{"line":73,"column":45},"end":{"line":73,"column":50}}]},"1":{"loc":{"start":{"line":74,"column":17},"end":{"line":74,"column":47}},"type":"cond-expr","locations":[{"start":{"line":74,"column":27},"end":{"line":74,"column":31}},{"start":{"line":74,"column":34},"end":{"line":74,"column":47}}]}},"s":{"0":0,"1":0,"2":0,"3":0,"4":0,"5":0,"6":0,"7":0,"8":0,"9":0},"f":{"0":0},"b":{"0":[0],"1":[0,0]}}
,"C:\\Users\\gabri\\sem 6\\ppl\\rencanakan-talent_pool-frontend\\src\\components\\ui\\button.tsx": {"path":"C:\\Users\\gabri\\sem 6\\ppl\\rencanakan-talent_pool-frontend\\src\\components\\ui\\button.tsx","statementMap":{"0":{"start":{"line":1,"column":0},"end":{"line":1,"column":31}},"1":{"start":{"line":2,"column":0},"end":{"line":2,"column":44}},"2":{"start":{"line":3,"column":0},"end":{"line":3,"column":66}},"3":{"start":{"line":4,"column":0},"end":{"line":4,"column":42}},"4":{"start":{"line":5,"column":0},"end":{"line":5,"column":33}},"5":{"start":{"line":9,"column":23},"end":{"line":36,"column":null}},"6":{"start":{"line":90,"column":9},"end":{"line":90,"column":23}},"7":{"start":{"line":48,"column":13},"end":{"line":86,"column":2}},"8":{"start":{"line":50,"column":87},"end":{"line":50,"column":92}},"9":{"start":{"line":50,"column":97},"end":{"line":50,"column":null}},"10":{"start":{"line":53,"column":17},"end":{"line":53,"column":42}},"11":{"start":{"line":55,"column":23},"end":{"line":55,"column":66}},"12":{"start":{"line":57,"column":4},"end":{"line":84,"column":6}},"13":{"start":{"line":88,"column":0},"end":{"line":88,"column":30}}},"fnMap":{"0":{"name":"(anonymous_10)","decl":{"start":{"line":49,"column":2},"end":{"line":49,"column":null}},"loc":{"start":{"line":52,"column":6},"end":{"line":85,"column":3}}}},"branchMap":{"0":{"loc":{"start":{"line":50,"column":42},"end":{"line":50,"column":57}},"type":"default-arg","locations":[{"start":{"line":50,"column":52},"end":{"line":50,"column":57}}]},"1":{"loc":{"start":{"line":50,"column":65},"end":{"line":50,"column":87}},"type":"default-arg","locations":[{"start":{"line":50,"column":80},"end":{"line":50,"column":87}}]},"2":{"loc":{"start":{"line":53,"column":17},"end":{"line":53,"column":42}},"type":"cond-expr","locations":[{"start":{"line":53,"column":27},"end":{"line":53,"column":31}},{"start":{"line":53,"column":34},"end":{"line":53,"column":42}}]},"3":{"loc":{"start":{"line":55,"column":23},"end":{"line":55,"column":66}},"type":"cond-expr","locations":[{"start":{"line":55,"column":53},"end":{"line":55,"column":59}},{"start":{"line":55,"column":62},"end":{"line":55,"column":66}}]},"4":{"loc":{"start":{"line":55,"column":23},"end":{"line":55,"column":50}},"type":"binary-expr","locations":[{"start":{"line":55,"column":23},"end":{"line":55,"column":41}},{"start":{"line":55,"column":45},"end":{"line":55,"column":50}}]},"5":{"loc":{"start":{"line":63,"column":9},"end":{"line":66,"column":null}},"type":"binary-expr","locations":[{"start":{"line":63,"column":9},"end":{"line":63,"column":13}},{"start":{"line":63,"column":17},"end":{"line":63,"column":41}},{"start":{"line":64,"column":10},"end":{"line":65,"column":null}}]},"6":{"loc":{"start":{"line":72,"column":12},"end":{"line":72,"column":54}},"type":"binary-expr","locations":[{"start":{"line":72,"column":12},"end":{"line":72,"column":30}},{"start":{"line":72,"column":34},"end":{"line":72,"column":54}}]},"7":{"loc":{"start":{"line":78,"column":9},"end":{"line":81,"column":null}},"type":"binary-expr","locations":[{"start":{"line":78,"column":9},"end":{"line":78,"column":13}},{"start":{"line":78,"column":17},"end":{"line":78,"column":39}},{"start":{"line":79,"column":10},"end":{"line":80,"column":null}}]}},"s":{"0":0,"1":0,"2":0,"3":0,"4":0,"5":0,"6":0,"7":0,"8":0,"9":0,"10":0,"11":0,"12":0,"13":0},"f":{"0":0},"b":{"0":[0],"1":[0],"2":[0,0],"3":[0,0],"4":[0,0],"5":[0,0,0],"6":[0,0],"7":[0,0,0]}}
,"C:\\Users\\gabri\\sem 6\\ppl\\rencanakan-talent_pool-frontend\\src\\components\\ui\\file-input.tsx": {"path":"C:\\Users\\gabri\\sem 6\\ppl\\rencanakan-talent_pool-frontend\\src\\components\\ui\\file-input.tsx","statementMap":{"0":{"start":{"line":1,"column":0},"end":{"line":1,"column":31}},"1":{"start":{"line":2,"column":0},"end":{"line":2,"column":33}},"2":{"start":{"line":3,"column":0},"end":{"line":3,"column":61}},"3":{"start":{"line":4,"column":0},"end":{"line":4,"column":42}},"4":{"start":{"line":5,"column":0},"end":{"line":5,"column":40}},"5":{"start":{"line":6,"column":0},"end":{"line":6,"column":49}},"6":{"start":{"line":8,"column":30},"end":{"line":8,"column":63}},"7":{"start":{"line":10,"column":23},"end":{"line":13,"column":2}},"8":{"start":{"line":15,"column":33},"end":{"line":32,"column":null}},"9":{"start":{"line":35,"column":25},"end":{"line":38,"column":2}},"10":{"start":{"line":49,"column":51},"end":{"line":148,"column":1}},"11":{"start":{"line":53,"column":11},"end":{"line":53,"column":null}},"12":{"start":{"line":54,"column":10},"end":{"line":55,"column":3}},"13":{"start":{"line":56,"column":36},"end":{"line":56,"column":89}},"14":{"start":{"line":57,"column":34},"end":{"line":57,"column":60}},"15":{"start":{"line":58,"column":19},"end":{"line":58,"column":55}},"16":{"start":{"line":60,"column":2},"end":{"line":64,"column":14}},"17":{"start":{"line":61,"column":4},"end":{"line":63,"column":5}},"18":{"start":{"line":62,"column":6},"end":{"line":62,"column":26}},"19":{"start":{"line":66,"column":22},"end":{"line":73,"column":3}},"20":{"start":{"line":67,"column":4},"end":{"line":69,"column":5}},"21":{"start":{"line":68,"column":6},"end":{"line":68,"column":34}},"22":{"start":{"line":70,"column":4},"end":{"line":70,"column":20}},"23":{"start":{"line":71,"column":4},"end":{"line":71,"column":26}},"24":{"start":{"line":72,"column":4},"end":{"line":72,"column":16}},"25":{"start":{"line":75,"column":27},"end":{"line":90,"column":3}},"26":{"start":{"line":76,"column":18},"end":{"line":76,"column":32}},"27":{"start":{"line":77,"column":4},"end":{"line":88,"column":5}},"28":{"start":{"line":78,"column":19},"end":{"line":78,"column":27}},"29":{"start":{"line":79,"column":6},"end":{"line":79,"column":29}},"30":{"start":{"line":80,"column":6},"end":{"line":84,"column":7}},"31":{"start":{"line":81,"column":8},"end":{"line":81,"column":31}},"32":{"start":{"line":83,"column":8},"end":{"line":83,"column":30}},"33":{"start":{"line":86,"column":6},"end":{"line":86,"column":22}},"34":{"start":{"line":87,"column":6},"end":{"line":87,"column":28}},"35":{"start":{"line":89,"column":4},"end":{"line":89,"column":24}},"36":{"start":{"line":92,"column":28},"end":{"line":94,"column":3}},"37":{"start":{"line":93,"column":4},"end":{"line":93,"column":30}},"38":{"start":{"line":96,"column":2},"end":{"line":147,"column":4}},"39":{"start":{"line":49,"column":13},"end":{"line":49,"column":51}}},"fnMap":{"0":{"name":"(anonymous_10)","decl":{"start":{"line":49,"column":51},"end":{"line":49,"column":52}},"loc":{"start":{"line":55,"column":5},"end":{"line":148,"column":1}}},"1":{"name":"(anonymous_11)","decl":{"start":{"line":60,"column":18},"end":{"line":60,"column":21}},"loc":{"start":{"line":60,"column":23},"end":{"line":64,"column":3}}},"2":{"name":"(anonymous_12)","decl":{"start":{"line":66,"column":22},"end":{"line":66,"column":25}},"loc":{"start":{"line":66,"column":27},"end":{"line":73,"column":3}}},"3":{"name":"(anonymous_13)","decl":{"start":{"line":75,"column":27},"end":{"line":75,"column":28}},"loc":{"start":{"line":75,"column":70},"end":{"line":90,"column":3}}},"4":{"name":"(anonymous_14)","decl":{"start":{"line":92,"column":28},"end":{"line":92,"column":31}},"loc":{"start":{"line":92,"column":33},"end":{"line":94,"column":3}}}},"branchMap":{"0":{"loc":{"start":{"line":61,"column":4},"end":{"line":63,"column":5}},"type":"if","locations":[{"start":{"line":61,"column":4},"end":{"line":63,"column":5}}]},"1":{"loc":{"start":{"line":67,"column":4},"end":{"line":69,"column":5}},"type":"if","locations":[{"start":{"line":67,"column":4},"end":{"line":69,"column":5}}]},"2":{"loc":{"start":{"line":72,"column":4},"end":{"line":72,"column":15}},"type":"cond-expr","locations":[{"start":{"line":72,"column":11},"end":{"line":72,"column":15}},{"start":{"line":72,"column":4},"end":{"line":72,"column":15}}]},"3":{"loc":{"start":{"line":72,"column":4},"end":{"line":72,"column":15}},"type":"binary-expr","locations":[{"start":{"line":72,"column":4},"end":{"line":72,"column":15}},{"start":{"line":72,"column":4},"end":{"line":72,"column":15}}]},"4":{"loc":{"start":{"line":77,"column":4},"end":{"line":88,"column":5}},"type":"if","locations":[{"start":{"line":77,"column":4},"end":{"line":88,"column":5}},{"start":{"line":85,"column":11},"end":{"line":88,"column":5}}]},"5":{"loc":{"start":{"line":77,"column":8},"end":{"line":77,"column":33}},"type":"binary-expr","locations":[{"start":{"line":77,"column":8},"end":{"line":77,"column":13}},{"start":{"line":77,"column":17},"end":{"line":77,"column":33}}]},"6":{"loc":{"start":{"line":80,"column":6},"end":{"line":84,"column":7}},"type":"if","locations":[{"start":{"line":80,"column":6},"end":{"line":84,"column":7}},{"start":{"line":82,"column":13},"end":{"line":84,"column":7}}]},"7":{"loc":{"start":{"line":80,"column":10},"end":{"line":80,"column":75}},"type":"binary-expr","locations":[{"start":{"line":80,"column":10},"end":{"line":80,"column":41}},{"start":{"line":80,"column":45},"end":{"line":80,"column":75}}]},"8":{"loc":{"start":{"line":89,"column":4},"end":{"line":89,"column":23}},"type":"cond-expr","locations":[{"start":{"line":89,"column":18},"end":{"line":89,"column":21}},{"start":{"line":89,"column":18},"end":{"line":89,"column":23}}]},"9":{"loc":{"start":{"line":89,"column":4},"end":{"line":89,"column":21}},"type":"binary-expr","locations":[{"start":{"line":89,"column":4},"end":{"line":89,"column":21}},{"start":{"line":89,"column":18},"end":{"line":89,"column":21}}]},"10":{"loc":{"start":{"line":93,"column":4},"end":{"line":93,"column":29}},"type":"cond-expr","locations":[{"start":{"line":93,"column":20},"end":{"line":93,"column":22}},{"start":{"line":93,"column":20},"end":{"line":93,"column":29}}]},"11":{"loc":{"start":{"line":93,"column":4},"end":{"line":93,"column":22}},"type":"binary-expr","locations":[{"start":{"line":93,"column":4},"end":{"line":93,"column":22}},{"start":{"line":93,"column":20},"end":{"line":93,"column":22}}]},"12":{"loc":{"start":{"line":98,"column":7},"end":{"line":103,"column":null}},"type":"binary-expr","locations":[{"start":{"line":98,"column":7},"end":{"line":98,"column":16}},{"start":{"line":99,"column":8},"end":{"line":102,"column":null}}]},"13":{"loc":{"start":{"line":119,"column":15},"end":{"line":122,"column":null}},"type":"cond-expr","locations":[{"start":{"line":120,"column":16},"end":{"line":120,"column":75}},{"start":{"line":122,"column":16},"end":{"line":122,"column":45}}]},"14":{"loc":{"start":{"line":127,"column":11},"end":{"line":134,"column":null}},"type":"binary-expr","locations":[{"start":{"line":127,"column":12},"end":{"line":127,"column":34}},{"start":{"line":127,"column":38},"end":{"line":127,"column":59}},{"start":{"line":128,"column":12},"end":{"line":133,"column":null}}]}},"s":{"0":0,"1":0,"2":0,"3":0,"4":0,"5":0,"6":0,"7":0,"8":0,"9":0,"10":0,"11":0,"12":0,"13":0,"14":0,"15":0,"16":0,"17":0,"18":0,"19":0,"20":0,"21":0,"22":0,"23":0,"24":0,"25":0,"26":0,"27":0,"28":0,"29":0,"30":0,"31":0,"32":0,"33":0,"34":0,"35":0,"36":0,"37":0,"38":0,"39":0},"f":{"0":0,"1":0,"2":0,"3":0,"4":0},"b":{"0":[0],"1":[0],"2":[0,0],"3":[0,0],"4":[0,0],"5":[0,0],"6":[0,0],"7":[0,0],"8":[0,0],"9":[0,0],"10":[0,0],"11":[0,0],"12":[0,0],"13":[0,0],"14":[0,0,0]}}
,"C:\\Users\\gabri\\sem 6\\ppl\\rencanakan-talent_pool-frontend\\src\\components\\ui\\input.tsx": {"path":"C:\\Users\\gabri\\sem 6\\ppl\\rencanakan-talent_pool-frontend\\src\\components\\ui\\input.tsx","statementMap":{"0":{"start":{"line":1,"column":0},"end":{"line":1,"column":31}},"1":{"start":{"line":2,"column":0},"end":{"line":2,"column":66}},"2":{"start":{"line":3,"column":0},"end":{"line":3,"column":33}},"3":{"start":{"line":4,"column":0},"end":{"line":4,"column":42}},"4":{"start":{"line":8,"column":22},"end":{"line":30,"column":null}},"5":{"start":{"line":97,"column":9},"end":{"line":97,"column":22}},"6":{"start":{"line":44,"column":13},"end":{"line":93,"column":2}},"7":{"start":{"line":46,"column":87},"end":{"line":46,"column":92}},"8":{"start":{"line":46,"column":97},"end":{"line":46,"column":null}},"9":{"start":{"line":50,"column":22},"end":{"line":50,"column":34}},"10":{"start":{"line":51,"column":26},"end":{"line":51,"column":38}},"11":{"start":{"line":52,"column":20},"end":{"line":52,"column":27}},"12":{"start":{"line":54,"column":25},"end":{"line":54,"column":76}},"13":{"start":{"line":55,"column":27},"end":{"line":55,"column":48}},"14":{"start":{"line":57,"column":4},"end":{"line":91,"column":6}},"15":{"start":{"line":95,"column":0},"end":{"line":95,"column":28}}},"fnMap":{"0":{"name":"(anonymous_10)","decl":{"start":{"line":45,"column":2},"end":{"line":45,"column":null}},"loc":{"start":{"line":48,"column":6},"end":{"line":92,"column":3}}}},"branchMap":{"0":{"loc":{"start":{"line":46,"column":30},"end":{"line":46,"column":49}},"type":"default-arg","locations":[{"start":{"line":46,"column":40},"end":{"line":46,"column":49}}]},"1":{"loc":{"start":{"line":54,"column":25},"end":{"line":54,"column":76}},"type":"cond-expr","locations":[{"start":{"line":54,"column":47},"end":{"line":54,"column":67}},{"start":{"line":54,"column":70},"end":{"line":54,"column":76}}]},"2":{"loc":{"start":{"line":55,"column":27},"end":{"line":55,"column":48}},"type":"binary-expr","locations":[{"start":{"line":55,"column":27},"end":{"line":55,"column":32}},{"start":{"line":55,"column":36},"end":{"line":55,"column":48}}]},"3":{"loc":{"start":{"line":60,"column":11},"end":{"line":63,"column":null}},"type":"binary-expr","locations":[{"start":{"line":60,"column":11},"end":{"line":60,"column":21}},{"start":{"line":61,"column":12},"end":{"line":62,"column":null}}]},"4":{"loc":{"start":{"line":65,"column":11},"end":{"line":68,"column":null}},"type":"binary-expr","locations":[{"start":{"line":65,"column":11},"end":{"line":65,"column":21}},{"start":{"line":66,"column":12},"end":{"line":67,"column":null}}]},"5":{"loc":{"start":{"line":74,"column":25},"end":{"line":74,"column":49}},"type":"binary-expr","locations":[{"start":{"line":74,"column":25},"end":{"line":74,"column":42}},{"start":{"line":74,"column":46},"end":{"line":74,"column":49}}]},"6":{"loc":{"start":{"line":77,"column":11},"end":{"line":82,"column":null}},"type":"binary-expr","locations":[{"start":{"line":77,"column":11},"end":{"line":77,"column":16}},{"start":{"line":78,"column":12},"end":{"line":81,"column":null}}]},"7":{"loc":{"start":{"line":85,"column":9},"end":{"line":88,"column":null}},"type":"binary-expr","locations":[{"start":{"line":85,"column":9},"end":{"line":85,"column":14}},{"start":{"line":86,"column":10},"end":{"line":87,"column":null}}]}},"s":{"0":0,"1":0,"2":0,"3":0,"4":0,"5":0,"6":0,"7":0,"8":0,"9":0,"10":0,"11":0,"12":0,"13":0,"14":0,"15":0},"f":{"0":0},"b":{"0":[0],"1":[0,0],"2":[0,0],"3":[0,0],"4":[0,0],"5":[0,0],"6":[0,0],"7":[0,0]}}
,"C:\\Users\\gabri\\sem 6\\ppl\\rencanakan-talent_pool-frontend\\src\\components\\ui\\switch.tsx": {"path":"C:\\Users\\gabri\\sem 6\\ppl\\rencanakan-talent_pool-frontend\\src\\components\\ui\\switch.tsx","statementMap":{"0":{"start":{"line":26,"column":9},"end":{"line":26,"column":15}},"1":{"start":{"line":2,"column":0},"end":{"line":2,"column":58}},"2":{"start":{"line":4,"column":0},"end":{"line":4,"column":33}},"3":{"start":{"line":6,"column":27},"end":{"line":6,"column":32}},"4":{"start":{"line":6,"column":37},"end":{"line":6,"column":90}},"5":{"start":{"line":7,"column":2},"end":{"line":23,"column":4}}},"fnMap":{"0":{"name":"Switch","decl":{"start":{"line":6,"column":9},"end":{"line":6,"column":15}},"loc":{"start":{"line":6,"column":90},"end":{"line":24,"column":1}}}},"branchMap":{},"s":{"0":0,"1":0,"2":0,"3":0,"4":0,"5":0},"f":{"0":0},"b":{}}
,"C:\\Users\\gabri\\sem 6\\ppl\\rencanakan-talent_pool-frontend\\src\\components\\ui\\textarea.tsx": {"path":"C:\\Users\\gabri\\sem 6\\ppl\\rencanakan-talent_pool-frontend\\src\\components\\ui\\textarea.tsx","statementMap":{"0":{"start":{"line":3,"column":0},"end":{"line":3,"column":33}},"1":{"start":{"line":9,"column":42},"end":{"line":34,"column":1}},"2":{"start":{"line":9,"column":78},"end":{"line":9,"column":83}},"3":{"start":{"line":9,"column":88},"end":{"line":9,"column":92}},"4":{"start":{"line":10,"column":2},"end":{"line":33,"column":4}},"5":{"start":{"line":36,"column":9},"end":{"line":36,"column":17}}},"fnMap":{"0":{"name":"(anonymous_1)","decl":{"start":{"line":9,"column":42},"end":{"line":9,"column":43}},"loc":{"start":{"line":9,"column":94},"end":{"line":34,"column":1}}}},"branchMap":{"0":{"loc":{"start":{"line":18,"column":7},"end":{"line":21,"column":null}},"type":"binary-expr","locations":[{"start":{"line":18,"column":7},"end":{"line":18,"column":16}},{"start":{"line":19,"column":8},"end":{"line":20,"column":null}}]}},"s":{"0":0,"1":0,"2":0,"3":0,"4":0,"5":0},"f":{"0":0},"b":{"0":[0,0]}}
,"C:\\Users\\gabri\\sem 6\\ppl\\rencanakan-talent_pool-frontend\\src\\lib\\utils.ts": {"path":"C:\\Users\\gabri\\sem 6\\ppl\\rencanakan-talent_pool-frontend\\src\\lib\\utils.ts","statementMap":{"0":{"start":{"line":4,"column":0},"end":{"line":4,"column":16}},"1":{"start":{"line":1,"column":0},"end":{"line":1,"column":45}},"2":{"start":{"line":2,"column":0},"end":{"line":2,"column":41}},"3":{"start":{"line":5,"column":2},"end":{"line":5,"column":31}}},"fnMap":{"0":{"name":"cn","decl":{"start":{"line":4,"column":16},"end":{"line":4,"column":18}},"loc":{"start":{"line":4,"column":42},"end":{"line":6,"column":1}}}},"branchMap":{},"s":{"0":0,"1":0,"2":0,"3":0},"f":{"0":0},"b":{}}
,"C:\\Users\\gabri\\sem 6\\ppl\\rencanakan-talent_pool-frontend\\src\\modules\\DesignSystemModule\\index.tsx": {"path":"C:\\Users\\gabri\\sem 6\\ppl\\rencanakan-talent_pool-frontend\\src\\modules\\DesignSystemModule\\index.tsx","statementMap":{"0":{"start":{"line":1,"column":0},"end":{"line":1,"column":78}},"1":{"start":{"line":2,"column":0},"end":{"line":2,"column":96}},"2":{"start":{"line":4,"column":34},"end":{"line":213,"column":1}},"3":{"start":{"line":5,"column":2},"end":{"line":212,"column":4}},"4":{"start":{"line":4,"column":13},"end":{"line":4,"column":34}}},"fnMap":{"0":{"name":"(anonymous_0)","decl":{"start":{"line":4,"column":34},"end":{"line":4,"column":37}},"loc":{"start":{"line":4,"column":39},"end":{"line":213,"column":1}}}},"branchMap":{},"s":{"0":0,"1":0,"2":0,"3":0,"4":0},"f":{"0":0},"b":{}}
}
